<?xml version="1.0" encoding="UTF-8"?>
<!-- Generated by org.testng.reporters.JUnitReportReporter -->
<testsuite ignored="1" hostname="HPUFTQAW7R09" failures="0" tests="1" name="multiDimensionalArray.MultiDimensionalArray" time="0.017" errors="0" timestamp="23 Aug 2020 11:40:05 GMT" skipped="0">
  <testcase classname="multiDimensionalArray.MultiDimensionalArray" name="addTwoMatrix" time="0.017"/>
  <testcase classname="multiDimensionalArray.MultiDimensionalArray" name="multiDimensionalArray">
    <skipped/>
  </testcase> <!-- multiDimensionalArray -->
</testsuite> <!-- multiDimensionalArray.MultiDimensionalArray -->
