<?xml version="1.0" encoding="UTF-8"?>
<!-- Generated by org.testng.reporters.JUnitReportReporter -->
<testsuite ignored="0" hostname="HPUFTQAW7R09" failures="0" tests="1" name="javaTPointArrays.ElementInOddPosition" time="0.017" errors="0" timestamp="22 Aug 2020 17:47:50 GMT" skipped="0">
  <testcase classname="javaTPointArrays.ElementInOddPosition" name="elementInOddPosition" time="0.017"/>
</testsuite> <!-- javaTPointArrays.ElementInOddPosition -->
