<?xml version="1.0" encoding="UTF-8"?>
<!-- Generated by org.testng.reporters.JUnitReportReporter -->
<testsuite ignored="0" hostname="HPUFTQAW7R09" failures="0" tests="1" name="javaTPointArrays.SeparateZeroAndNonZero" time="0.000" errors="0" timestamp="23 Aug 2020 09:03:14 GMT" skipped="0">
  <testcase classname="javaTPointArrays.SeparateZeroAndNonZero" name="separateZerosAndNonZeros" time="0.000"/>
</testsuite> <!-- javaTPointArrays.SeparateZeroAndNonZero -->
