<?xml version="1.0" encoding="UTF-8"?>
<!-- Generated by org.testng.reporters.JUnitReportReporter -->
<testsuite ignored="0" hostname="HPUFTQAW7R09" failures="0" tests="1" name="javaTPointArrays.SumOfTheEleInArray" time="0.015" errors="0" timestamp="22 Aug 2020 19:06:13 GMT" skipped="0">
  <testcase classname="javaTPointArrays.SumOfTheEleInArray" name="sumOftheEleInArray" time="0.015"/>
</testsuite> <!-- javaTPointArrays.SumOfTheEleInArray -->
