<?xml version="1.0" encoding="UTF-8"?>
<!-- Generated by org.testng.reporters.JUnitReportReporter -->
<testsuite ignored="0" hostname="HPUFTQAW7R09" failures="0" tests="1" name="javaTPointArrays.SortByAscendingOrder" time="0.020" errors="0" timestamp="23 Aug 2020 05:47:13 GMT" skipped="0">
  <testcase classname="javaTPointArrays.SortByAscendingOrder" name="sortByAscendingOrder" time="0.020"/>
</testsuite> <!-- javaTPointArrays.SortByAscendingOrder -->
