<?xml version="1.0" encoding="UTF-8"?>
<!-- Generated by org.testng.reporters.JUnitReportReporter -->
<testsuite ignored="0" hostname="HPUFTQAW7R09" failures="0" tests="1" name="javaTPointArrays.ReverseOfArray" time="0.000" errors="0" timestamp="22 Aug 2020 17:29:58 GMT" skipped="0">
  <testcase classname="javaTPointArrays.ReverseOfArray" name="reverseOfArray" time="0.000"/>
</testsuite> <!-- javaTPointArrays.ReverseOfArray -->
