<?xml version="1.0" encoding="UTF-8"?>
<!-- Generated by org.testng.reporters.JUnitReportReporter -->
<testsuite ignored="0" hostname="HPUFTQAW7R09" failures="0" tests="1" name="stringPractice.SortAStringInAscendingOrder" time="0.000" errors="0" timestamp="23 Aug 2020 14:16:33 GMT" skipped="0">
  <testcase classname="stringPractice.SortAStringInAscendingOrder" name="sortAStringInAsc" time="0.000"/>
</testsuite> <!-- stringPractice.SortAStringInAscendingOrder -->
