<?xml version="1.0" encoding="UTF-8"?>
<!-- Generated by org.testng.reporters.JUnitReportReporter -->
<testsuite ignored="1" hostname="HPUFTQAW7R09" failures="0" tests="1" name="codePractice.JavaTPointArrays" time="0.015" errors="0" timestamp="21 Aug 2020 19:56:00 GMT" skipped="0">
  <testcase classname="codePractice.JavaTPointArrays" name="copyArray1" time="0.015"/>
  <testcase classname="codePractice.JavaTPointArrays" name="copyArray">
    <skipped/>
  </testcase> <!-- copyArray -->
</testsuite> <!-- codePractice.JavaTPointArrays -->
