<?xml version="1.0" encoding="UTF-8"?>
<!-- Generated by org.testng.reporters.JUnitReportReporter -->
<testsuite ignored="0" hostname="HPUFTQAW7R09" failures="0" tests="1" name="javaTPointArrays.LeftRotateAnArray" time="0.010" errors="0" timestamp="22 Aug 2020 16:56:22 GMT" skipped="0">
  <testcase classname="javaTPointArrays.LeftRotateAnArray" name="leftRotateAnArray" time="0.010"/>
</testsuite> <!-- javaTPointArrays.LeftRotateAnArray -->
