<?xml version="1.0" encoding="UTF-8"?>
<!-- Generated by org.testng.reporters.JUnitReportReporter -->
<testsuite ignored="0" hostname="HPUFTQAW7R09" failures="0" tests="1" name="javaTPointArrays.DuplicateElement" time="0.015" errors="0" timestamp="22 Aug 2020 17:17:40 GMT" skipped="0">
  <testcase classname="javaTPointArrays.DuplicateElement" name="duplicateElement" time="0.015"/>
</testsuite> <!-- javaTPointArrays.DuplicateElement -->
