<?xml version="1.0" encoding="UTF-8"?>
<!-- Generated by org.testng.reporters.JUnitReportReporter -->
<testsuite ignored="0" hostname="HPUFTQAW7R09" failures="0" tests="1" name="mapPractice.MapAscending" time="0.010" errors="0" timestamp="24 Aug 2020 11:15:10 GMT" skipped="0">
  <testcase classname="mapPractice.MapAscending" name="mapAscending" time="0.010"/>
</testsuite> <!-- mapPractice.MapAscending -->
