<?xml version="1.0" encoding="UTF-8"?>
<!-- Generated by org.testng.reporters.JUnitReportReporter -->
<testsuite ignored="1" hostname="HPUFTQAW7R09" failures="0" tests="1" name="codePractice.JavaConceptOfTheDay" time="0.010" errors="0" timestamp="26 Aug 2020 15:42:11 GMT" skipped="0">
  <testcase classname="codePractice.JavaConceptOfTheDay" name="b" time="0.010"/>
  <testcase classname="codePractice.JavaConceptOfTheDay" name="a">
    <skipped/>
  </testcase> <!-- a -->
</testsuite> <!-- codePractice.JavaConceptOfTheDay -->
