<?xml version="1.0" encoding="UTF-8"?>
<!-- Generated by org.testng.reporters.JUnitReportReporter -->
<testsuite ignored="0" hostname="HPUFTQAW7R09" failures="0" tests="1" name="javaTPointArrays.RightRotateAnArray" time="0.000" errors="0" timestamp="22 Aug 2020 22:02:25 GMT" skipped="0">
  <testcase classname="javaTPointArrays.RightRotateAnArray" name="rightRotateAnArray" time="0.000"/>
</testsuite> <!-- javaTPointArrays.RightRotateAnArray -->
