<?xml version="1.0" encoding="UTF-8"?>
<!-- Generated by org.testng.reporters.JUnitReportReporter -->
<testsuite ignored="0" hostname="HPUFTQAW7R09" failures="0" tests="1" name="javaTPointArrays.SortByDescendingOrder" time="0.010" errors="0" timestamp="23 Aug 2020 06:15:30 GMT" skipped="0">
  <testcase classname="javaTPointArrays.SortByDescendingOrder" name="sortByDescendingOrder" time="0.010"/>
</testsuite> <!-- javaTPointArrays.SortByDescendingOrder -->
