<?xml version="1.0" encoding="UTF-8"?>
<!-- Generated by org.testng.reporters.JUnitReportReporter -->
<testsuite ignored="0" hostname="HPUFTQAW7R09" failures="0" tests="1" name="stringPractice.MaximumOccuranceOfString" time="0.016" errors="0" timestamp="23 Aug 2020 12:43:54 GMT" skipped="0">
  <testcase classname="stringPractice.MaximumOccuranceOfString" name="maximumOccuranceOFString" time="0.016"/>
</testsuite> <!-- stringPractice.MaximumOccuranceOfString -->
