<?xml version="1.0" encoding="UTF-8"?>
<!-- Generated by org.testng.reporters.JUnitReportReporter -->
<testsuite ignored="1" hostname="HPUFTQAW7R09" failures="0" tests="1" name="javaTPointArrays.abc" time="0.016" errors="0" timestamp="23 Aug 2020 07:52:28 GMT" skipped="0">
  <testcase classname="javaTPointArrays.abc" name="bc" time="0.016"/>
  <testcase classname="javaTPointArrays.abc" name="ab1">
    <skipped/>
  </testcase> <!-- ab1 -->
</testsuite> <!-- javaTPointArrays.abc -->
