<?xml version="1.0" encoding="UTF-8"?>
<!-- Generated by org.testng.reporters.JUnitReportReporter -->
<testsuite ignored="0" hostname="HPUFTQAW7R09" failures="0" tests="1" name="javaTPointArrays.NthLargestNumberInArray" time="0.015" errors="0" timestamp="23 Aug 2020 06:23:44 GMT" skipped="0">
  <testcase classname="javaTPointArrays.NthLargestNumberInArray" name="nthLargestNumberInArray" time="0.015"/>
</testsuite> <!-- javaTPointArrays.NthLargestNumberInArray -->
